Build started 6/18/2016 1:13:11 AM.
     1>Project "C:\Users\Michael\Documents\Visual Studio 2015\Projects\RayCasting\RayCasting\RayCasting.vcxproj" on node 2 (Build target(s)).
     1>ClCompile:
         C:\Program Files (x86)\Microsoft Visual Studio 14.0\VC\bin\CL.exe /c /I"C:\Users\Michael\Documents\Visual Studio 2015\Projects\RayCasting\packages\nupengl.core.0.1.0.1\build\native\../..//build/native/include/" /Zi /nologo /W3 /WX- /sdl /O2 /Oi /Oy- /GL /D _MBCS /Gm- /EHsc /MD /GS /Gy /fp:precise /Zc:wchar_t /Zc:forScope /Zc:inline /Fo"Release\\" /Fd"Release\vc140.pdb" /Gd /TP /analyze- /errorReport:prompt main.cpp
         main.cpp
     1>main.cpp(63): warning C4244: '=': conversion from 'double' to 'float', possible loss of data
     1>main.cpp(103): warning C4305: 'argument': truncation from 'double' to 'float'
     1>main.cpp(103): warning C4244: 'argument': conversion from 'int' to 'float', possible loss of data
     1>main.cpp(128): warning C4244: 'argument': conversion from 'int' to 'float', possible loss of data
     1>main.cpp(131): warning C4244: 'argument': conversion from 'int' to 'float', possible loss of data
     1>main.cpp(138): warning C4305: '+=': truncation from 'double' to 'float'
     1>main.cpp(141): warning C4244: 'argument': conversion from 'int' to 'float', possible loss of data
     1>main.cpp(148): warning C4305: '+=': truncation from 'double' to 'float'
     1>main.cpp(151): warning C4244: 'argument': conversion from 'int' to 'float', possible loss of data
     1>main.cpp(158): warning C4305: '-=': truncation from 'double' to 'float'
     1>main.cpp(161): warning C4244: 'argument': conversion from 'int' to 'float', possible loss of data
     1>main.cpp(168): warning C4305: '-=': truncation from 'double' to 'float'
     1>main.cpp(171): warning C4244: 'argument': conversion from 'int' to 'float', possible loss of data
     1>main.cpp(238): warning C4244: 'argument': conversion from 'double' to 'GLfloat', possible loss of data
     1>main.cpp(243): warning C4244: 'argument': conversion from 'int' to 'float', possible loss of data
     1>main.cpp(300): warning C4244: 'argument': conversion from 'double' to 'GLfloat', possible loss of data
     1>main.cpp(360): warning C4244: 'argument': conversion from 'double' to 'float', possible loss of data
     1>main.cpp(366): warning C4305: 'argument': truncation from 'double' to 'GLfloat'
     1>main.cpp(373): warning C4244: 'argument': conversion from 'int' to 'GLfloat', possible loss of data
     1>main.cpp(374): warning C4244: 'argument': conversion from 'int' to 'GLfloat', possible loss of data
     1>main.cpp(375): warning C4244: 'argument': conversion from 'int' to 'GLfloat', possible loss of data
     1>main.cpp(380): warning C4305: 'argument': truncation from 'double' to 'GLfloat'
     1>main.cpp(388): warning C4244: 'argument': conversion from 'int' to 'float', possible loss of data
     1>main.cpp(390): warning C4244: 'argument': conversion from 'int' to 'float', possible loss of data
     1>main.cpp(394): warning C4244: 'argument': conversion from 'int' to 'float', possible loss of data
     1>main.cpp(398): warning C4244: 'argument': conversion from 'int' to 'float', possible loss of data
     1>main.cpp(398): warning C4244: 'argument': conversion from 'double' to 'float', possible loss of data
     1>main.cpp(403): warning C4244: 'argument': conversion from 'int' to 'float', possible loss of data
     1>main.cpp(407): warning C4244: 'argument': conversion from 'int' to 'float', possible loss of data
     1>main.cpp(407): warning C4244: 'argument': conversion from 'double' to 'float', possible loss of data
     1>main.cpp(412): warning C4244: 'argument': conversion from 'int' to 'float', possible loss of data
     1>main.cpp(416): warning C4244: 'argument': conversion from 'int' to 'float', possible loss of data
     1>main.cpp(416): warning C4244: 'argument': conversion from 'double' to 'float', possible loss of data
     1>main.cpp(421): warning C4244: 'argument': conversion from 'int' to 'float', possible loss of data
     1>main.cpp(425): warning C4244: 'argument': conversion from 'int' to 'float', possible loss of data
     1>main.cpp(425): warning C4244: 'argument': conversion from 'double' to 'float', possible loss of data
     1>main.cpp(432): warning C4244: 'argument': conversion from 'int' to 'float', possible loss of data
     1>main.cpp(433): warning C4244: 'argument': conversion from 'int' to 'float', possible loss of data
     1>main.cpp(434): warning C4244: 'argument': conversion from 'int' to 'float', possible loss of data
     1>main.cpp(435): warning C4244: 'argument': conversion from 'int' to 'float', possible loss of data
     1>main.cpp(445): warning C4244: 'argument': conversion from 'int' to 'float', possible loss of data
     1>main.cpp(446): warning C4305: 'argument': truncation from 'double' to 'GLfloat'
     1>main.cpp(449): warning C4244: 'argument': conversion from 'int' to 'GLfloat', possible loss of data
       Link:
         C:\Program Files (x86)\Microsoft Visual Studio 14.0\VC\bin\link.exe /ERRORREPORT:PROMPT /OUT:"C:\Users\Michael\Documents\Visual Studio 2015\Projects\RayCasting\Release\RayCasting.exe" /NOLOGO "C:\Users\Michael\Documents\Visual Studio 2015\Projects\RayCasting\packages\nupengl.core.0.1.0.1\build\native\../..//build/native/lib/Win32\glew32.lib" "C:\Users\Michael\Documents\Visual Studio 2015\Projects\RayCasting\packages\nupengl.core.0.1.0.1\build\native\../..//build/native/lib/Win32\glfw3dll.lib" "C:\Users\Michael\Documents\Visual Studio 2015\Projects\RayCasting\packages\nupengl.core.0.1.0.1\build\native\../..//build/native/lib/Win32\freeglut.lib" kernel32.lib user32.lib gdi32.lib winspool.lib comdlg32.lib advapi32.lib shell32.lib ole32.lib oleaut32.lib uuid.lib odbc32.lib odbccp32.lib /MANIFEST /MANIFESTUAC:"level='asInvoker' uiAccess='false'" /manifest:embed /Debug /PDB:"C:\Users\Michael\Documents\Visual Studio 2015\Projects\RayCasting\Release\RayCasting.pdb" /OPT:REF /OPT:ICF /LTCG:incremental /TLBID:1 /DYNAMICBASE /NXCOMPAT /IMPLIB:"C:\Users\Michael\Documents\Visual Studio 2015\Projects\RayCasting\Release\RayCasting.lib" /MACHINE:X86 /SAFESEH Release\lineFloat.obj
         Release\main.obj
         Release\vector2d.obj
         Generating code
         2 of 34 functions ( 5.9%) were compiled, the rest were copied from previous compilation.
           0 functions were new in current compilation
           0 functions had inline decision re-evaluated but remain unchanged
         Finished generating code
         RayCasting.vcxproj -> C:\Users\Michael\Documents\Visual Studio 2015\Projects\RayCasting\Release\RayCasting.exe
     1>Done Building Project "C:\Users\Michael\Documents\Visual Studio 2015\Projects\RayCasting\RayCasting\RayCasting.vcxproj" (Build target(s)).

Build succeeded.

Time Elapsed 00:00:01.01
