Build started 6/18/2016 2:32:54 PM.
     1>Project "C:\Users\Michael\Documents\Visual Studio 2015\Projects\RayCasting\RayCasting\RayCasting.vcxproj" on node 2 (Build target(s)).
     1>ClCompile:
         C:\Program Files (x86)\Microsoft Visual Studio 14.0\VC\bin\x86_amd64\CL.exe /c /I"C:\Users\Michael\Documents\Visual Studio 2015\Projects\RayCasting\packages\nupengl.core.0.1.0.1\build\native\../..//build/native/include/" /Zi /nologo /W3 /WX- /sdl /O2 /Oi /GL /D _MBCS /Gm- /EHsc /MT /GS /Gy /fp:precise /Zc:wchar_t /Zc:forScope /Zc:inline /Fo"x64\Release\\" /Fd"x64\Release\vc140.pdb" /Gd /TP /errorReport:prompt main.cpp
         main.cpp
     1>main.cpp(76): warning C4244: '=': conversion from 'double' to 'float', possible loss of data
     1>main.cpp(102): warning C4305: 'argument': truncation from 'double' to 'float'
     1>main.cpp(102): warning C4244: 'argument': conversion from 'int' to 'float', possible loss of data
     1>main.cpp(127): warning C4244: 'argument': conversion from 'int' to 'float', possible loss of data
     1>main.cpp(130): warning C4244: 'argument': conversion from 'int' to 'float', possible loss of data
     1>main.cpp(137): warning C4305: '+=': truncation from 'double' to 'float'
     1>main.cpp(140): warning C4244: 'argument': conversion from 'int' to 'float', possible loss of data
     1>main.cpp(147): warning C4305: '+=': truncation from 'double' to 'float'
     1>main.cpp(150): warning C4244: 'argument': conversion from 'int' to 'float', possible loss of data
     1>main.cpp(157): warning C4305: '-=': truncation from 'double' to 'float'
     1>main.cpp(160): warning C4244: 'argument': conversion from 'int' to 'float', possible loss of data
     1>main.cpp(167): warning C4305: '-=': truncation from 'double' to 'float'
     1>main.cpp(170): warning C4244: 'argument': conversion from 'int' to 'float', possible loss of data
     1>main.cpp(237): warning C4244: 'argument': conversion from 'double' to 'GLfloat', possible loss of data
     1>main.cpp(242): warning C4244: 'argument': conversion from 'int' to 'float', possible loss of data
     1>main.cpp(299): warning C4244: 'argument': conversion from 'double' to 'GLfloat', possible loss of data
     1>main.cpp(359): warning C4244: 'argument': conversion from 'double' to 'float', possible loss of data
     1>main.cpp(365): warning C4305: 'argument': truncation from 'double' to 'GLfloat'
     1>main.cpp(372): warning C4244: 'argument': conversion from 'int' to 'GLfloat', possible loss of data
     1>main.cpp(373): warning C4244: 'argument': conversion from 'int' to 'GLfloat', possible loss of data
     1>main.cpp(374): warning C4244: 'argument': conversion from 'int' to 'GLfloat', possible loss of data
     1>main.cpp(379): warning C4305: 'argument': truncation from 'double' to 'GLfloat'
     1>main.cpp(387): warning C4244: 'argument': conversion from 'int' to 'float', possible loss of data
     1>main.cpp(389): warning C4244: 'argument': conversion from 'int' to 'float', possible loss of data
     1>main.cpp(393): warning C4244: 'argument': conversion from 'int' to 'float', possible loss of data
     1>main.cpp(397): warning C4244: 'argument': conversion from 'int' to 'float', possible loss of data
     1>main.cpp(397): warning C4244: 'argument': conversion from 'double' to 'float', possible loss of data
     1>main.cpp(402): warning C4244: 'argument': conversion from 'int' to 'float', possible loss of data
     1>main.cpp(406): warning C4244: 'argument': conversion from 'int' to 'float', possible loss of data
     1>main.cpp(406): warning C4244: 'argument': conversion from 'double' to 'float', possible loss of data
     1>main.cpp(411): warning C4244: 'argument': conversion from 'int' to 'float', possible loss of data
     1>main.cpp(415): warning C4244: 'argument': conversion from 'int' to 'float', possible loss of data
     1>main.cpp(415): warning C4244: 'argument': conversion from 'double' to 'float', possible loss of data
     1>main.cpp(420): warning C4244: 'argument': conversion from 'int' to 'float', possible loss of data
     1>main.cpp(424): warning C4244: 'argument': conversion from 'int' to 'float', possible loss of data
     1>main.cpp(424): warning C4244: 'argument': conversion from 'double' to 'float', possible loss of data
     1>main.cpp(431): warning C4244: 'argument': conversion from 'int' to 'float', possible loss of data
     1>main.cpp(432): warning C4244: 'argument': conversion from 'int' to 'float', possible loss of data
     1>main.cpp(433): warning C4244: 'argument': conversion from 'int' to 'float', possible loss of data
     1>main.cpp(434): warning C4244: 'argument': conversion from 'int' to 'float', possible loss of data
     1>main.cpp(444): warning C4244: 'argument': conversion from 'int' to 'float', possible loss of data
     1>main.cpp(445): warning C4305: 'argument': truncation from 'double' to 'GLfloat'
     1>main.cpp(447): warning C4244: 'argument': conversion from 'int' to 'GLfloat', possible loss of data
     1>main.cpp(451): warning C4244: 'argument': conversion from 'int' to 'GLfloat', possible loss of data
     1>main.cpp(458): warning C4244: 'argument': conversion from 'int' to 'GLfloat', possible loss of data
       Link:
         C:\Program Files (x86)\Microsoft Visual Studio 14.0\VC\bin\x86_amd64\link.exe /ERRORREPORT:PROMPT /OUT:"C:\Users\Michael\Documents\Visual Studio 2015\Projects\RayCasting\x64\Release\RayCasting.exe" /NOLOGO "C:\Users\Michael\Documents\Visual Studio 2015\Projects\RayCasting\packages\nupengl.core.0.1.0.1\build\native\../..//build/native/lib/x64\glew32.lib" "C:\Users\Michael\Documents\Visual Studio 2015\Projects\RayCasting\packages\nupengl.core.0.1.0.1\build\native\../..//build/native/lib/x64\glfw3dll.lib" "C:\Users\Michael\Documents\Visual Studio 2015\Projects\RayCasting\packages\nupengl.core.0.1.0.1\build\native\../..//build/native/lib/x64\freeglut.lib" kernel32.lib user32.lib gdi32.lib winspool.lib comdlg32.lib advapi32.lib shell32.lib ole32.lib oleaut32.lib uuid.lib odbc32.lib odbccp32.lib /MANIFEST /MANIFESTUAC:"level='asInvoker' uiAccess='false'" /manifest:embed /Debug /PDB:"C:\Users\Michael\Documents\Visual Studio 2015\Projects\RayCasting\x64\Release\RayCasting.pdb" /OPT:REF /OPT:ICF /LTCG:incremental /TLBID:1 /DYNAMICBASE /NXCOMPAT /IMPLIB:"C:\Users\Michael\Documents\Visual Studio 2015\Projects\RayCasting\x64\Release\RayCasting.lib" /MACHINE:X64 x64\Release\lineFloat.obj
         x64\Release\main.obj
         x64\Release\vector2d.obj
         Generating code
         2 of 33 functions ( 6.1%) were compiled, the rest were copied from previous compilation.
           0 functions were new in current compilation
           0 functions had inline decision re-evaluated but remain unchanged
         Finished generating code
         RayCasting.vcxproj -> C:\Users\Michael\Documents\Visual Studio 2015\Projects\RayCasting\x64\Release\RayCasting.exe
     1>Done Building Project "C:\Users\Michael\Documents\Visual Studio 2015\Projects\RayCasting\RayCasting\RayCasting.vcxproj" (Build target(s)).

Build succeeded.

Time Elapsed 00:00:01.56
