c:\users\michael\documents\visual studio 2015\projects\raycasting\raycasting\debug\vc140.pdb
c:\users\michael\documents\visual studio 2015\projects\raycasting\raycasting\debug\vc140.idb
c:\users\michael\documents\visual studio 2015\projects\raycasting\raycasting\debug\main.obj
c:\users\michael\documents\visual studio 2015\projects\raycasting\raycasting\debug\vector2d.obj
c:\users\michael\documents\visual studio 2015\projects\raycasting\raycasting\debug\line.obj
c:\users\michael\documents\visual studio 2015\projects\raycasting\raycasting\debug\linefloat.obj
c:\users\michael\documents\visual studio 2015\projects\raycasting\debug\raycasting.pdb
c:\users\michael\documents\visual studio 2015\projects\raycasting\raycasting\debug\raycasting.tlog\cl.command.1.tlog
c:\users\michael\documents\visual studio 2015\projects\raycasting\raycasting\debug\raycasting.tlog\cl.read.1.tlog
c:\users\michael\documents\visual studio 2015\projects\raycasting\raycasting\debug\raycasting.tlog\cl.write.1.tlog
c:\users\michael\documents\visual studio 2015\projects\raycasting\raycasting\debug\raycasting.tlog\link-cvtres.read.1.tlog
c:\users\michael\documents\visual studio 2015\projects\raycasting\raycasting\debug\raycasting.tlog\link-cvtres.write.1.tlog
c:\users\michael\documents\visual studio 2015\projects\raycasting\raycasting\debug\raycasting.tlog\link-rc.read.1.tlog
c:\users\michael\documents\visual studio 2015\projects\raycasting\raycasting\debug\raycasting.tlog\link-rc.write.1.tlog
c:\users\michael\documents\visual studio 2015\projects\raycasting\raycasting\debug\raycasting.tlog\link.4596-cvtres.read.1.tlog
c:\users\michael\documents\visual studio 2015\projects\raycasting\raycasting\debug\raycasting.tlog\link.4596-cvtres.write.1.tlog
c:\users\michael\documents\visual studio 2015\projects\raycasting\raycasting\debug\raycasting.tlog\link.4596-rc.read.1.tlog
c:\users\michael\documents\visual studio 2015\projects\raycasting\raycasting\debug\raycasting.tlog\link.4596-rc.write.1.tlog
c:\users\michael\documents\visual studio 2015\projects\raycasting\raycasting\debug\raycasting.tlog\link.4596.read.1.tlog
c:\users\michael\documents\visual studio 2015\projects\raycasting\raycasting\debug\raycasting.tlog\link.4596.write.1.tlog
c:\users\michael\documents\visual studio 2015\projects\raycasting\raycasting\debug\raycasting.tlog\link.command.1.tlog
c:\users\michael\documents\visual studio 2015\projects\raycasting\raycasting\debug\raycasting.tlog\link.read.1.tlog
c:\users\michael\documents\visual studio 2015\projects\raycasting\raycasting\debug\raycasting.tlog\link.write.1.tlog
